2019-04-15 01:42:28<xml><ToUserName><![CDATA[gh_17869665399e]]></ToUserName>
<FromUserName><![CDATA[osZ2p1IY34DL7Y2ux6Ay6KW5p1Os]]></FromUserName>
<CreateTime>1555251112</CreateTime>
<MsgType><![CDATA[event]]></MsgType>
<Event><![CDATA[subscribe]]></Event>
<EventKey><![CDATA[]]></EventKey>
</xml>

2019-04-15 01:48:05<xml><ToUserName><![CDATA[gh_17869665399e]]></ToUserName>
<FromUserName><![CDATA[osZ2p1IY34DL7Y2ux6Ay6KW5p1Os]]></FromUserName>
<CreateTime>1555251112</CreateTime>
<MsgType><![CDATA[event]]></MsgType>
<Event><![CDATA[subscribe]]></Event>
<EventKey><![CDATA[]]></EventKey>
</xml>

2019-04-15 01:48:12<xml><ToUserName><![CDATA[gh_17869665399e]]></ToUserName>
<FromUserName><![CDATA[osZ2p1IY34DL7Y2ux6Ay6KW5p1Os]]></FromUserName>
<CreateTime>1555251112</CreateTime>
<MsgType><![CDATA[event]]></MsgType>
<Event><![CDATA[subscribe]]></Event>
<EventKey><![CDATA[]]></EventKey>
</xml>

2019-04-15 01:48:15<xml><ToUserName><![CDATA[gh_17869665399e]]></ToUserName>
<FromUserName><![CDATA[osZ2p1IY34DL7Y2ux6Ay6KW5p1Os]]></FromUserName>
<CreateTime>1555251112</CreateTime>
<MsgType><![CDATA[event]]></MsgType>
<Event><![CDATA[subscribe]]></Event>
<EventKey><![CDATA[]]></EventKey>
</xml>

2019-04-15 01:49:45<xml><ToUserName><![CDATA[gh_17869665399e]]></ToUserName>
<FromUserName><![CDATA[osZ2p1IY34DL7Y2ux6Ay6KW5p1Os]]></FromUserName>
<CreateTime>1555251112</CreateTime>
<MsgType><![CDATA[event]]></MsgType>
<Event><![CDATA[subscribe]]></Event>
<EventKey><![CDATA[]]></EventKey>
</xml>

2019-04-15 01:51:09<xml><ToUserName><![CDATA[gh_17869665399e]]></ToUserName>
<FromUserName><![CDATA[osZ2p1IY34DL7Y2ux6Ay6KW5p1Os]]></FromUserName>
<CreateTime>1555251112</CreateTime>
<MsgType><![CDATA[event]]></MsgType>
<Event><![CDATA[subscribe]]></Event>
<EventKey><![CDATA[]]></EventKey>
</xml>

2019-04-15 01:52:32<xml><ToUserName><![CDATA[gh_17869665399e]]></ToUserName>
<FromUserName><![CDATA[osZ2p1IY34DL7Y2ux6Ay6KW5p1Os]]></FromUserName>
<CreateTime>1555251112</CreateTime>
<MsgType><![CDATA[event]]></MsgType>
<Event><![CDATA[subscribe]]></Event>
<EventKey><![CDATA[]]></EventKey>
</xml>

2019-04-15 01:53:34<xml><ToUserName><![CDATA[gh_17869665399e]]></ToUserName>
<FromUserName><![CDATA[osZ2p1IY34DL7Y2ux6Ay6KW5p1Os]]></FromUserName>
<CreateTime>1555251112</CreateTime>
<MsgType><![CDATA[event]]></MsgType>
<Event><![CDATA[subscribe]]></Event>
<EventKey><![CDATA[]]></EventKey>
</xml>

2019-04-15 01:54:36<xml><ToUserName><![CDATA[gh_17869665399e]]></ToUserName>
<FromUserName><![CDATA[osZ2p1IY34DL7Y2ux6Ay6KW5p1Os]]></FromUserName>
<CreateTime>1555251112</CreateTime>
<MsgType><![CDATA[event]]></MsgType>
<Event><![CDATA[subscribe]]></Event>
<EventKey><![CDATA[]]></EventKey>
</xml>

2019-04-15 01:55:07<xml><ToUserName><![CDATA[gh_17869665399e]]></ToUserName>
<FromUserName><![CDATA[osZ2p1IY34DL7Y2ux6Ay6KW5p1Os]]></FromUserName>
<CreateTime>1555251112</CreateTime>
<MsgType><![CDATA[event]]></MsgType>
<Event><![CDATA[subscribe]]></Event>
<EventKey><![CDATA[]]></EventKey>
</xml>

2019-04-15 01:56:26<xml><ToUserName><![CDATA[gh_17869665399e]]></ToUserName>
<FromUserName><![CDATA[osZ2p1IY34DL7Y2ux6Ay6KW5p1Os]]></FromUserName>
<CreateTime>1555251112</CreateTime>
<MsgType><![CDATA[event]]></MsgType>
<Event><![CDATA[subscribe]]></Event>
<EventKey><![CDATA[]]></EventKey>
</xml>

2019-04-15 01:56:57<xml><ToUserName><![CDATA[gh_17869665399e]]></ToUserName>
<FromUserName><![CDATA[osZ2p1IY34DL7Y2ux6Ay6KW5p1Os]]></FromUserName>
<CreateTime>1555251112</CreateTime>
<MsgType><![CDATA[event]]></MsgType>
<Event><![CDATA[subscribe]]></Event>
<EventKey><![CDATA[]]></EventKey>
</xml>

2019-04-15 01:57:25<xml><ToUserName><![CDATA[gh_17869665399e]]></ToUserName>
<FromUserName><![CDATA[osZ2p1IY34DL7Y2ux6Ay6KW5p1Os]]></FromUserName>
<CreateTime>1555251112</CreateTime>
<MsgType><![CDATA[event]]></MsgType>
<Event><![CDATA[subscribe]]></Event>
<EventKey><![CDATA[]]></EventKey>
</xml>

2019-04-15 01:59:30<xml><ToUserName><![CDATA[gh_17869665399e]]></ToUserName>
<FromUserName><![CDATA[osZ2p1IY34DL7Y2ux6Ay6KW5p1Os]]></FromUserName>
<CreateTime>1555293519</CreateTime>
<MsgType><![CDATA[event]]></MsgType>
<Event><![CDATA[subscribe]]></Event>
<EventKey><![CDATA[]]></EventKey>
</xml>

2019-04-15 01:59:59<xml><ToUserName><![CDATA[gh_17869665399e]]></ToUserName>
<FromUserName><![CDATA[osZ2p1IY34DL7Y2ux6Ay6KW5p1Os]]></FromUserName>
<CreateTime>1555293519</CreateTime>
<MsgType><![CDATA[event]]></MsgType>
<Event><![CDATA[subscribe]]></Event>
<EventKey><![CDATA[]]></EventKey>
</xml>

2019-04-15 02:00:28<xml><ToUserName><![CDATA[gh_17869665399e]]></ToUserName>
<FromUserName><![CDATA[osZ2p1IY34DL7Y2ux6Ay6KW5p1Os]]></FromUserName>
<CreateTime>1555293519</CreateTime>
<MsgType><![CDATA[event]]></MsgType>
<Event><![CDATA[subscribe]]></Event>
<EventKey><![CDATA[]]></EventKey>
</xml>

2019-04-15 02:01:05<xml><ToUserName><![CDATA[gh_17869665399e]]></ToUserName>
<FromUserName><![CDATA[osZ2p1IY34DL7Y2ux6Ay6KW5p1Os]]></FromUserName>
<CreateTime>1555293519</CreateTime>
<MsgType><![CDATA[event]]></MsgType>
<Event><![CDATA[subscribe]]></Event>
<EventKey><![CDATA[]]></EventKey>
</xml>

2019-04-15 02:17:26<xml><ToUserName><![CDATA[gh_17869665399e]]></ToUserName>
<FromUserName><![CDATA[osZ2p1IY34DL7Y2ux6Ay6KW5p1Os]]></FromUserName>
<CreateTime>1555293519</CreateTime>
<MsgType><![CDATA[event]]></MsgType>
<Event><![CDATA[subscribe]]></Event>
<EventKey><![CDATA[]]></EventKey>
</xml>

2019-04-15 02:18:03<xml><ToUserName><![CDATA[gh_17869665399e]]></ToUserName>
<FromUserName><![CDATA[osZ2p1IY34DL7Y2ux6Ay6KW5p1Os]]></FromUserName>
<CreateTime>1555293519</CreateTime>
<MsgType><![CDATA[event]]></MsgType>
<Event><![CDATA[subscribe]]></Event>
<EventKey><![CDATA[]]></EventKey>
</xml>

2019-04-15 02:20:31<xml><ToUserName><![CDATA[gh_17869665399e]]></ToUserName>
<FromUserName><![CDATA[osZ2p1IY34DL7Y2ux6Ay6KW5p1Os]]></FromUserName>
<CreateTime>1555293519</CreateTime>
<MsgType><![CDATA[event]]></MsgType>
<Event><![CDATA[subscribe]]></Event>
<EventKey><![CDATA[]]></EventKey>
</xml>

2019-04-15 02:21:37<xml><ToUserName><![CDATA[gh_17869665399e]]></ToUserName>
<FromUserName><![CDATA[osZ2p1IY34DL7Y2ux6Ay6KW5p1Os]]></FromUserName>
<CreateTime>1555293519</CreateTime>
<MsgType><![CDATA[event]]></MsgType>
<Event><![CDATA[subscribe]]></Event>
<EventKey><![CDATA[]]></EventKey>
</xml>

2019-04-15 02:30:48<xml><ToUserName><![CDATA[gh_17869665399e]]></ToUserName>
<FromUserName><![CDATA[osZ2p1IY34DL7Y2ux6Ay6KW5p1Os]]></FromUserName>
<CreateTime>1555293519</CreateTime>
<MsgType><![CDATA[event]]></MsgType>
<Event><![CDATA[subscribe]]></Event>
<EventKey><![CDATA[]]></EventKey>
</xml>

2019-04-15 02:30:56<xml><ToUserName><![CDATA[gh_17869665399e]]></ToUserName>
<FromUserName><![CDATA[osZ2p1IY34DL7Y2ux6Ay6KW5p1Os]]></FromUserName>
<CreateTime>1555293519</CreateTime>
<MsgType><![CDATA[event]]></MsgType>
<Event><![CDATA[subscribe]]></Event>
<EventKey><![CDATA[]]></EventKey>
</xml>

2019-04-15 02:31:12<xml><ToUserName><![CDATA[gh_17869665399e]]></ToUserName>
<FromUserName><![CDATA[osZ2p1IY34DL7Y2ux6Ay6KW5p1Os]]></FromUserName>
<CreateTime>1555293519</CreateTime>
<MsgType><![CDATA[event]]></MsgType>
<Event><![CDATA[subscribe]]></Event>
<EventKey><![CDATA[]]></EventKey>
</xml>

2019-04-15 02:31:20<xml><ToUserName><![CDATA[gh_17869665399e]]></ToUserName>
<FromUserName><![CDATA[osZ2p1IY34DL7Y2ux6Ay6KW5p1Os]]></FromUserName>
<CreateTime>1555293519</CreateTime>
<MsgType><![CDATA[event]]></MsgType>
<Event><![CDATA[subscribe]]></Event>
<EventKey><![CDATA[]]></EventKey>
</xml>

2019-04-15 02:31:41<xml><ToUserName><![CDATA[gh_17869665399e]]></ToUserName>
<FromUserName><![CDATA[osZ2p1IY34DL7Y2ux6Ay6KW5p1Os]]></FromUserName>
<CreateTime>1555293519</CreateTime>
<MsgType><![CDATA[event]]></MsgType>
<Event><![CDATA[subscribe]]></Event>
<EventKey><![CDATA[]]></EventKey>
</xml>

2019-04-15 02:34:01<xml><ToUserName><![CDATA[gh_17869665399e]]></ToUserName>
<FromUserName><![CDATA[osZ2p1IY34DL7Y2ux6Ay6KW5p1Os]]></FromUserName>
<CreateTime>1555295613</CreateTime>
<MsgType><![CDATA[event]]></MsgType>
<Event><![CDATA[subscribe]]></Event>
<EventKey><![CDATA[]]></EventKey>
</xml>


2019-04-15 02:53:09<xml><ToUserName><![CDATA[gh_17869665399e]]></ToUserName>
<FromUserName><![CDATA[osZ2p1IY34DL7Y2ux6Ay6KW5p1Os]]></FromUserName>
<CreateTime>1555295613</CreateTime>
<MsgType><![CDATA[event]]></MsgType>
<Event><![CDATA[subscribe]]></Event>
<EventKey><![CDATA[]]></EventKey>
</xml>


2019-04-15 14:51:02<xml><ToUserName><![CDATA[gh_17869665399e]]></ToUserName>
<FromUserName><![CDATA[osZ2p1NZoNytl-U51f_XFfSMoers]]></FromUserName>
<CreateTime>1555339405</CreateTime>
<MsgType><![CDATA[event]]></MsgType>
<Event><![CDATA[subscribe]]></Event>
<EventKey><![CDATA[]]></EventKey>
</xml>


2019-04-15 14:51:27<xml><ToUserName><![CDATA[gh_17869665399e]]></ToUserName>
<FromUserName><![CDATA[osZ2p1IY34DL7Y2ux6Ay6KW5p1Os]]></FromUserName>
<CreateTime>1555339609</CreateTime>
<MsgType><![CDATA[image]]></MsgType>
<PicUrl><![CDATA[http://mmbiz.qpic.cn/mmbiz_jpg/snVkficVrBJ7IVJlyd9M1XHS9lMwfLC7KMaU6a0OMiaDAQMqiboT7YASibZ2
<MsgId>22267111232674923</MsgId>
<MediaId><![CDATA[efdwxa6Kt1UeS3D-1ZEBbS99dCGvgEHNqmbR2f9_o_fErrvVSAhRUfzOj2qDfvqV]]></MediaId>
</xml>


2019-04-15 14:52:08<xml><ToUserName><![CDATA[gh_17869665399e]]></ToUserName>
<FromUserName><![CDATA[osZ2p1IY34DL7Y2ux6Ay6KW5p1Os]]></FromUserName>
<CreateTime>1555339609</CreateTime>
<MsgType><![CDATA[image]]></MsgType>
<PicUrl><![CDATA[http://mmbiz.qpic.cn/mmbiz_jpg/snVkficVrBJ7IVJlyd9M1XHS9lMwfLC7KMaU6a0OMiaDAQMqiboT7YASibZ2
<MsgId>22267111232674923</MsgId>
<MediaId><![CDATA[efdwxa6Kt1UeS3D-1ZEBbS99dCGvgEHNqmbR2f9_o_fErrvVSAhRUfzOj2qDfvqV]]></MediaId>
</xml>


2019-04-15 14:52:27<xml><ToUserName><![CDATA[gh_17869665399e]]></ToUserName>
<FromUserName><![CDATA[osZ2p1IY34DL7Y2ux6Ay6KW5p1Os]]></FromUserName>
<CreateTime>1555339609</CreateTime>
<MsgType><![CDATA[image]]></MsgType>
<PicUrl><![CDATA[http://mmbiz.qpic.cn/mmbiz_jpg/snVkficVrBJ7IVJlyd9M1XHS9lMwfLC7KMaU6a0OMiaDAQMqiboT7YASibZ2
<MsgId>22267111232674923</MsgId>
<MediaId><![CDATA[efdwxa6Kt1UeS3D-1ZEBbS99dCGvgEHNqmbR2f9_o_fErrvVSAhRUfzOj2qDfvqV]]></MediaId>
</xml>


2019-04-15 14:52:57<xml><ToUserName><![CDATA[gh_17869665399e]]></ToUserName>
<FromUserName><![CDATA[osZ2p1IY34DL7Y2ux6Ay6KW5p1Os]]></FromUserName>
<CreateTime>1555339609</CreateTime>
<MsgType><![CDATA[image]]></MsgType>
<PicUrl><![CDATA[http://mmbiz.qpic.cn/mmbiz_jpg/snVkficVrBJ7IVJlyd9M1XHS9lMwfLC7KMaU6a0OMiaDAQMqiboT7YASibZ2
<MsgId>22267111232674923</MsgId>
<MediaId><![CDATA[efdwxa6Kt1UeS3D-1ZEBbS99dCGvgEHNqmbR2f9_o_fErrvVSAhRUfzOj2qDfvqV]]></MediaId>
</xml>


2019-04-15 14:54:40<xml><ToUserName><![CDATA[gh_17869665399e]]></ToUserName>
<FromUserName><![CDATA[osZ2p1IY34DL7Y2ux6Ay6KW5p1Os]]></FromUserName>
<CreateTime>1555340066</CreateTime>
<MsgType><![CDATA[image]]></MsgType>
<PicUrl><![CDATA[http://mmbiz.qpic.cn/mmbiz_jpg/snVkficVrBJ7IVJlyd9M1XHS9lMwfLC7KMaU6a0OMiaDAQMqiboT7YASibZ2rGTWXG3NksqMXRiaJ5lv3w05GjvAIRg/0]]></PicUrl>
<MsgId>22267115533790238</MsgId>
<MediaId><![CDATA[gvRfQB_-rqdioPWREGG2sqNz2NulV8Z52ScQJBEwq38ZPoK_iGcwxCFNhcbtgRXU]]></MediaId>
</xml>


2019-04-15 14:54:51<xml><ToUserName><![CDATA[gh_17869665399e]]></ToUserName>
<FromUserName><![CDATA[osZ2p1IY34DL7Y2ux6Ay6KW5p1Os]]></FromUserName>
<CreateTime>1555340066</CreateTime>
<MsgType><![CDATA[image]]></MsgType>
<PicUrl><![CDATA[http://mmbiz.qpic.cn/mmbiz_jpg/snVkficVrBJ7IVJlyd9M1XHS9lMwfLC7KMaU6a0OMiaDAQMqiboT7YASibZ2rGTWXG3NksqMXRiaJ5lv3w05GjvAIRg/0]]></PicUrl>
<MsgId>22267115533790238</MsgId>
<MediaId><![CDATA[gvRfQB_-rqdioPWREGG2sqNz2NulV8Z52ScQJBEwq38ZPoK_iGcwxCFNhcbtgRXU]]></MediaId>
</xml>


2019-04-15 14:56:04<xml><ToUserName><![CDATA[gh_17869665399e]]></ToUserName>
<FromUserName><![CDATA[osZ2p1IY34DL7Y2ux6Ay6KW5p1Os]]></FromUserName>
<CreateTime>1555340066</CreateTime>
<MsgType><![CDATA[image]]></MsgType>
<PicUrl><![CDATA[http://mmbiz.qpic.cn/mmbiz_jpg/snVkficVrBJ7IVJlyd9M1XHS9lMwfLC7KMaU6a0OMiaDAQMqiboT7YASibZ2rGTWXG3NksqMXRiaJ5lv3w05GjvAIRg/0]]></PicUrl>
<MsgId>22267115533790238</MsgId>
<MediaId><![CDATA[gvRfQB_-rqdioPWREGG2sqNz2NulV8Z52ScQJBEwq38ZPoK_iGcwxCFNhcbtgRXU]]></MediaId>
</xml>


2019-04-15 14:59:11<xml><ToUserName><![CDATA[gh_17869665399e]]></ToUserName>
<FromUserName><![CDATA[osZ2p1IY34DL7Y2ux6Ay6KW5p1Os]]></FromUserName>
<CreateTime>1555340066</CreateTime>
<MsgType><![CDATA[image]]></MsgType>
<PicUrl><![CDATA[http://mmbiz.qpic.cn/mmbiz_jpg/snVkficVrBJ7IVJlyd9M1XHS9lMwfLC7KMaU6a0OMiaDAQMqiboT7YASibZ2rGTWXG3NksqMXRiaJ5lv3w05GjvAIRg/0]]></PicUrl>
<MsgId>22267115533790238</MsgId>
<MediaId><![CDATA[gvRfQB_-rqdioPWREGG2sqNz2NulV8Z52ScQJBEwq38ZPoK_iGcwxCFNhcbtgRXU]]></MediaId>
</xml>


2019-04-15 15:25:45<xml><ToUserName><![CDATA[gh_17869665399e]]></ToUserName>
<FromUserName><![CDATA[osZ2p1IY34DL7Y2ux6Ay6KW5p1Os]]></FromUserName>
<CreateTime>1555340066</CreateTime>
<MsgType><![CDATA[image]]></MsgType>
<PicUrl><![CDATA[http://mmbiz.qpic.cn/mmbiz_jpg/snVkficVrBJ7IVJlyd9M1XHS9lMwfLC7KMaU6a0OMiaDAQMqiboT7YASibZ2rGTWXG3NksqMXRiaJ5lv3w05GjvAIRg/0]]></PicUrl>
<MsgId>22267115533790238</MsgId>
<MediaId><![CDATA[gvRfQB_-rqdioPWREGG2sqNz2NulV8Z52ScQJBEwq38ZPoK_iGcwxCFNhcbtgRXU]]></MediaId>
</xml>


2019-04-15 15:29:12<xml><ToUserName><![CDATA[gh_17869665399e]]></ToUserName>
<FromUserName><![CDATA[osZ2p1IY34DL7Y2ux6Ay6KW5p1Os]]></FromUserName>
<CreateTime>1555340066</CreateTime>
<MsgType><![CDATA[image]]></MsgType>
<PicUrl><![CDATA[http://mmbiz.qpic.cn/mmbiz_jpg/snVkficVrBJ7IVJlyd9M1XHS9lMwfLC7KMaU6a0OMiaDAQMqiboT7YASibZ2rGTWXG3NksqMXRiaJ5lv3w05GjvAIRg/0]]></PicUrl>
<MsgId>22267115533790238</MsgId>
<MediaId><![CDATA[gvRfQB_-rqdioPWREGG2sqNz2NulV8Z52ScQJBEwq38ZPoK_iGcwxCFNhcbtgRXU]]></MediaId>
</xml>


2019-04-16 00:31:42<xml><ToUserName><![CDATA[gh_17869665399e]]></ToUserName>
<FromUserName><![CDATA[osZ2p1IY34DL7Y2ux6Ay6KW5p1Os]]></FromUserName>
<CreateTime>1555340066</CreateTime>
<MsgType><![CDATA[image]]></MsgType>
<PicUrl><![CDATA[http://mmbiz.qpic.cn/mmbiz_jpg/snVkficVrBJ7IVJlyd9M1XHS9lMwfLC7KMaU6a0OMiaDAQMqiboT7YASibZ2rGTWXG3NksqMXRiaJ5lv3w05GjvAIRg/0]]></PicUrl>
<MsgId>22267115533790238</MsgId>
<MediaId><![CDATA[gvRfQB_-rqdioPWREGG2sqNz2NulV8Z52ScQJBEwq38ZPoK_iGcwxCFNhcbtgRXU]]></MediaId>
</xml>


2019-04-16 00:32:12<xml><ToUserName><![CDATA[gh_17869665399e]]></ToUserName>
<FromUserName><![CDATA[osZ2p1IY34DL7Y2ux6Ay6KW5p1Os]]></FromUserName>
<CreateTime>1555340066</CreateTime>
<MsgType><![CDATA[image]]></MsgType>
<PicUrl><![CDATA[http://mmbiz.qpic.cn/mmbiz_jpg/snVkficVrBJ7IVJlyd9M1XHS9lMwfLC7KMaU6a0OMiaDAQMqiboT7YASibZ2rGTWXG3NksqMXRiaJ5lv3w05GjvAIRg/0]]></PicUrl>
<MsgId>22267115533790238</MsgId>
<MediaId><![CDATA[gvRfQB_-rqdioPWREGG2sqNz2NulV8Z52ScQJBEwq38ZPoK_iGcwxCFNhcbtgRXU]]></MediaId>
</xml>


2019-04-16 00:33:42<xml><ToUserName><![CDATA[gh_17869665399e]]></ToUserName>
<FromUserName><![CDATA[osZ2p1IY34DL7Y2ux6Ay6KW5p1Os]]></FromUserName>
<CreateTime>1555340066</CreateTime>
<MsgType><![CDATA[image]]></MsgType>
<PicUrl><![CDATA[http://mmbiz.qpic.cn/mmbiz_jpg/snVkficVrBJ7IVJlyd9M1XHS9lMwfLC7KMaU6a0OMiaDAQMqiboT7YASibZ2rGTWXG3NksqMXRiaJ5lv3w05GjvAIRg/0]]></PicUrl>
<MsgId>22267115533790238</MsgId>
<MediaId><![CDATA[gvRfQB_-rqdioPWREGG2sqNz2NulV8Z52ScQJBEwq38ZPoK_iGcwxCFNhcbtgRXU]]></MediaId>
</xml>


2019-04-16 00:35:24<xml><ToUserName><![CDATA[gh_17869665399e]]></ToUserName>
<FromUserName><![CDATA[osZ2p1IY34DL7Y2ux6Ay6KW5p1Os]]></FromUserName>
<CreateTime>1555340066</CreateTime>
<MsgType><![CDATA[image]]></MsgType>
<PicUrl><![CDATA[http://mmbiz.qpic.cn/mmbiz_jpg/snVkficVrBJ7IVJlyd9M1XHS9lMwfLC7KMaU6a0OMiaDAQMqiboT7YASibZ2rGTWXG3NksqMXRiaJ5lv3w05GjvAIRg/0]]></PicUrl>
<MsgId>22267115533790238</MsgId>
<MediaId><![CDATA[gvRfQB_-rqdioPWREGG2sqNz2NulV8Z52ScQJBEwq38ZPoK_iGcwxCFNhcbtgRXU]]></MediaId>
</xml>


2019-04-16 00:35:49<xml><ToUserName><![CDATA[gh_17869665399e]]></ToUserName>
<FromUserName><![CDATA[osZ2p1IY34DL7Y2ux6Ay6KW5p1Os]]></FromUserName>
<CreateTime>1555340066</CreateTime>
<MsgType><![CDATA[image]]></MsgType>
<PicUrl><![CDATA[http://mmbiz.qpic.cn/mmbiz_jpg/snVkficVrBJ7IVJlyd9M1XHS9lMwfLC7KMaU6a0OMiaDAQMqiboT7YASibZ2rGTWXG3NksqMXRiaJ5lv3w05GjvAIRg/0]]></PicUrl>
<MsgId>22267115533790238</MsgId>
<MediaId><![CDATA[gvRfQB_-rqdioPWREGG2sqNz2NulV8Z52ScQJBEwq38ZPoK_iGcwxCFNhcbtgRXU]]></MediaId>
</xml>


2019-04-16 00:36:37<xml><ToUserName><![CDATA[gh_17869665399e]]></ToUserName>
<FromUserName><![CDATA[osZ2p1IY34DL7Y2ux6Ay6KW5p1Os]]></FromUserName>
<CreateTime>1555340066</CreateTime>
<MsgType><![CDATA[image]]></MsgType>
<PicUrl><![CDATA[http://mmbiz.qpic.cn/mmbiz_jpg/snVkficVrBJ7IVJlyd9M1XHS9lMwfLC7KMaU6a0OMiaDAQMqiboT7YASibZ2rGTWXG3NksqMXRiaJ5lv3w05GjvAIRg/0]]></PicUrl>
<MsgId>22267115533790238</MsgId>
<MediaId><![CDATA[gvRfQB_-rqdioPWREGG2sqNz2NulV8Z52ScQJBEwq38ZPoK_iGcwxCFNhcbtgRXU]]></MediaId>
</xml>


2019-04-16 00:37:58<xml><ToUserName><![CDATA[gh_17869665399e]]></ToUserName>
<FromUserName><![CDATA[osZ2p1IY34DL7Y2ux6Ay6KW5p1Os]]></FromUserName>
<CreateTime>1555340066</CreateTime>
<MsgType><![CDATA[image]]></MsgType>
<PicUrl><![CDATA[http://mmbiz.qpic.cn/mmbiz_jpg/snVkficVrBJ7IVJlyd9M1XHS9lMwfLC7KMaU6a0OMiaDAQMqiboT7YASibZ2rGTWXG3NksqMXRiaJ5lv3w05GjvAIRg/0]]></PicUrl>
<MsgId>22267115533790238</MsgId>
<MediaId><![CDATA[gvRfQB_-rqdioPWREGG2sqNz2NulV8Z52ScQJBEwq38ZPoK_iGcwxCFNhcbtgRXU]]></MediaId>
</xml>


2019-04-16 00:41:43<xml><ToUserName><![CDATA[gh_17869665399e]]></ToUserName>
<FromUserName><![CDATA[osZ2p1IY34DL7Y2ux6Ay6KW5p1Os]]></FromUserName>
<CreateTime>1555375284</CreateTime>
<MsgType><![CDATA[image]]></MsgType>
<PicUrl><![CDATA[http://mmbiz.qpic.cn/mmbiz_jpg/snVkficVrBJ5sWmJ8sQY6OOFAwic4bmpEXNrFGODUNJ5fMeRgUV6JIOYXJfKUUdbSibfBG4zmc6sYGjVRqJxs6gYQ/0]]></PicUrl>
<MsgId>22267621462208688</MsgId>
<MediaId><![CDATA[nQpikUKM9lBcD-a3BBVLUOQ64pOkoTSxb0lyx_JmTIaMoZr3Mzx83HRvweFTTnFn]]></MediaId>
</xml>



2019-04-16 00:42:23<xml><ToUserName><![CDATA[gh_17869665399e]]></ToUserName>
<FromUserName><![CDATA[osZ2p1IY34DL7Y2ux6Ay6KW5p1Os]]></FromUserName>
<CreateTime>1555375284</CreateTime>
<MsgType><![CDATA[image]]></MsgType>
<PicUrl><![CDATA[http://mmbiz.qpic.cn/mmbiz_jpg/snVkficVrBJ5sWmJ8sQY6OOFAwic4bmpEXNrFGODUNJ5fMeRgUV6JIOYXJfKUUdbSibfBG4zmc6sYGjVRqJxs6gYQ/0]]></PicUrl>
<MsgId>22267621462208688</MsgId>
<MediaId><![CDATA[nQpikUKM9lBcD-a3BBVLUOQ64pOkoTSxb0lyx_JmTIaMoZr3Mzx83HRvweFTTnFn]]></MediaId>
</xml>



2019-04-16 00:43:56<xml><ToUserName><![CDATA[gh_17869665399e]]></ToUserName>
<FromUserName><![CDATA[osZ2p1IY34DL7Y2ux6Ay6KW5p1Os]]></FromUserName>
<CreateTime>1555375284</CreateTime>
<MsgType><![CDATA[image]]></MsgType>
<PicUrl><![CDATA[http://mmbiz.qpic.cn/mmbiz_jpg/snVkficVrBJ5sWmJ8sQY6OOFAwic4bmpEXNrFGODUNJ5fMeRgUV6JIOYXJfKUUdbSibfBG4zmc6sYGjVRqJxs6gYQ/0]]></PicUrl>
<MsgId>22267621462208688</MsgId>
<MediaId><![CDATA[nQpikUKM9lBcD-a3BBVLUOQ64pOkoTSxb0lyx_JmTIaMoZr3Mzx83HRvweFTTnFn]]></MediaId>
</xml>



2019-04-16 00:44:37<xml><ToUserName><![CDATA[gh_17869665399e]]></ToUserName>
<FromUserName><![CDATA[osZ2p1IY34DL7Y2ux6Ay6KW5p1Os]]></FromUserName>
<CreateTime>1555375284</CreateTime>
<MsgType><![CDATA[image]]></MsgType>
<PicUrl><![CDATA[http://mmbiz.qpic.cn/mmbiz_jpg/snVkficVrBJ5sWmJ8sQY6OOFAwic4bmpEXNrFGODUNJ5fMeRgUV6JIOYXJfKUUdbSibfBG4zmc6sYGjVRqJxs6gYQ/0]]></PicUrl>
<MsgId>22267621462208688</MsgId>
<MediaId><![CDATA[nQpikUKM9lBcD-a3BBVLUOQ64pOkoTSxb0lyx_JmTIaMoZr3Mzx83HRvweFTTnFn]]></MediaId>
</xml>



2019-04-16 00:45:00<xml><ToUserName><![CDATA[gh_17869665399e]]></ToUserName>
<FromUserName><![CDATA[osZ2p1IY34DL7Y2ux6Ay6KW5p1Os]]></FromUserName>
<CreateTime>1555375284</CreateTime>
<MsgType><![CDATA[image]]></MsgType>
<PicUrl><![CDATA[http://mmbiz.qpic.cn/mmbiz_jpg/snVkficVrBJ5sWmJ8sQY6OOFAwic4bmpEXNrFGODUNJ5fMeRgUV6JIOYXJfKUUdbSibfBG4zmc6sYGjVRqJxs6gYQ/0]]></PicUrl>
<MsgId>22267621462208688</MsgId>
<MediaId><![CDATA[nQpikUKM9lBcD-a3BBVLUOQ64pOkoTSxb0lyx_JmTIaMoZr3Mzx83HRvweFTTnFn]]></MediaId>
</xml>



2019-04-16 00:45:34<xml><ToUserName><![CDATA[gh_17869665399e]]></ToUserName>
<FromUserName><![CDATA[osZ2p1IY34DL7Y2ux6Ay6KW5p1Os]]></FromUserName>
<CreateTime>1555375284</CreateTime>
<MsgType><![CDATA[image]]></MsgType>
<PicUrl><![CDATA[http://mmbiz.qpic.cn/mmbiz_jpg/snVkficVrBJ5sWmJ8sQY6OOFAwic4bmpEXNrFGODUNJ5fMeRgUV6JIOYXJfKUUdbSibfBG4zmc6sYGjVRqJxs6gYQ/0]]></PicUrl>
<MsgId>22267621462208688</MsgId>
<MediaId><![CDATA[nQpikUKM9lBcD-a3BBVLUOQ64pOkoTSxb0lyx_JmTIaMoZr3Mzx83HRvweFTTnFn]]></MediaId>
</xml>



2019-04-16 00:46:33<xml><ToUserName><![CDATA[gh_17869665399e]]></ToUserName>
<FromUserName><![CDATA[osZ2p1IY34DL7Y2ux6Ay6KW5p1Os]]></FromUserName>
<CreateTime>1555375284</CreateTime>
<MsgType><![CDATA[image]]></MsgType>
<PicUrl><![CDATA[http://mmbiz.qpic.cn/mmbiz_jpg/snVkficVrBJ5sWmJ8sQY6OOFAwic4bmpEXNrFGODUNJ5fMeRgUV6JIOYXJfKUUdbSibfBG4zmc6sYGjVRqJxs6gYQ/0]]></PicUrl>
<MsgId>22267621462208688</MsgId>
<MediaId><![CDATA[nQpikUKM9lBcD-a3BBVLUOQ64pOkoTSxb0lyx_JmTIaMoZr3Mzx83HRvweFTTnFn]]></MediaId>
</xml>



2019-04-16 00:46:44<xml><ToUserName><![CDATA[gh_17869665399e]]></ToUserName>
<FromUserName><![CDATA[osZ2p1IY34DL7Y2ux6Ay6KW5p1Os]]></FromUserName>
<CreateTime>1555375284</CreateTime>
<MsgType><![CDATA[image]]></MsgType>
<PicUrl><![CDATA[http://mmbiz.qpic.cn/mmbiz_jpg/snVkficVrBJ5sWmJ8sQY6OOFAwic4bmpEXNrFGODUNJ5fMeRgUV6JIOYXJfKUUdbSibfBG4zmc6sYGjVRqJxs6gYQ/0]]></PicUrl>
<MsgId>22267621462208688</MsgId>
<MediaId><![CDATA[nQpikUKM9lBcD-a3BBVLUOQ64pOkoTSxb0lyx_JmTIaMoZr3Mzx83HRvweFTTnFn]]></MediaId>
</xml>



2019-04-16 00:48:21<xml><ToUserName><![CDATA[gh_17869665399e]]></ToUserName>
<FromUserName><![CDATA[osZ2p1IY34DL7Y2ux6Ay6KW5p1Os]]></FromUserName>
<CreateTime>1555375284</CreateTime>
<MsgType><![CDATA[image]]></MsgType>
<PicUrl><![CDATA[http://mmbiz.qpic.cn/mmbiz_jpg/snVkficVrBJ5sWmJ8sQY6OOFAwic4bmpEXNrFGODUNJ5fMeRgUV6JIOYXJfKUUdbSibfBG4zmc6sYGjVRqJxs6gYQ/0]]></PicUrl>
<MsgId>22267621462208688</MsgId>
<MediaId><![CDATA[nQpikUKM9lBcD-a3BBVLUOQ64pOkoTSxb0lyx_JmTIaMoZr3Mzx83HRvweFTTnFn]]></MediaId>
</xml>



2019-04-16 00:49:33<xml><ToUserName><![CDATA[gh_17869665399e]]></ToUserName>
<FromUserName><![CDATA[osZ2p1IY34DL7Y2ux6Ay6KW5p1Os]]></FromUserName>
<CreateTime>1555375284</CreateTime>
<MsgType><![CDATA[image]]></MsgType>
<PicUrl><![CDATA[http://mmbiz.qpic.cn/mmbiz_jpg/snVkficVrBJ5sWmJ8sQY6OOFAwic4bmpEXNrFGODUNJ5fMeRgUV6JIOYXJfKUUdbSibfBG4zmc6sYGjVRqJxs6gYQ/0]]></PicUrl>
<MsgId>22267621462208688</MsgId>
<MediaId><![CDATA[nQpikUKM9lBcD-a3BBVLUOQ64pOkoTSxb0lyx_JmTIaMoZr3Mzx83HRvweFTTnFn]]></MediaId>
</xml>



2019-04-16 00:50:49<xml><ToUserName><![CDATA[gh_17869665399e]]></ToUserName>
<FromUserName><![CDATA[osZ2p1IY34DL7Y2ux6Ay6KW5p1Os]]></FromUserName>
<CreateTime>1555375284</CreateTime>
<MsgType><![CDATA[image]]></MsgType>
<PicUrl><![CDATA[http://mmbiz.qpic.cn/mmbiz_jpg/snVkficVrBJ5sWmJ8sQY6OOFAwic4bmpEXNrFGODUNJ5fMeRgUV6JIOYXJfKUUdbSibfBG4zmc6sYGjVRqJxs6gYQ/0]]></PicUrl>
<MsgId>22267621462208688</MsgId>
<MediaId><![CDATA[nQpikUKM9lBcD-a3BBVLUOQ64pOkoTSxb0lyx_JmTIaMoZr3Mzx83HRvweFTTnFn]]></MediaId>
</xml>



2019-04-16 00:51:16<xml><ToUserName><![CDATA[gh_17869665399e]]></ToUserName>
<FromUserName><![CDATA[osZ2p1IY34DL7Y2ux6Ay6KW5p1Os]]></FromUserName>
<CreateTime>1555375284</CreateTime>
<MsgType><![CDATA[image]]></MsgType>
<PicUrl><![CDATA[http://mmbiz.qpic.cn/mmbiz_jpg/snVkficVrBJ5sWmJ8sQY6OOFAwic4bmpEXNrFGODUNJ5fMeRgUV6JIOYXJfKUUdbSibfBG4zmc6sYGjVRqJxs6gYQ/0]]></PicUrl>
<MsgId>22267621462208688</MsgId>
<MediaId><![CDATA[nQpikUKM9lBcD-a3BBVLUOQ64pOkoTSxb0lyx_JmTIaMoZr3Mzx83HRvweFTTnFn]]></MediaId>
</xml>



2019-04-16 00:52:15<xml><ToUserName><![CDATA[gh_17869665399e]]></ToUserName>
<FromUserName><![CDATA[osZ2p1IY34DL7Y2ux6Ay6KW5p1Os]]></FromUserName>
<CreateTime>1555375920</CreateTime>
<MsgType><![CDATA[voice]]></MsgType>
<MediaId><![CDATA[AhwJlQp6uA5qu9j_hF8dufpqhJRMxrrdJr_A2X3JKtzrPfBlUyQGs5oLtLv0zI0F]]></MediaId>
<Format><![CDATA[amr]]></Format>
<MsgId>22267629154074987</MsgId>
<Recognition><![CDATA[]]></Recognition>
</xml>



2019-04-16 00:54:41<xml><ToUserName><![CDATA[gh_17869665399e]]></ToUserName>
<FromUserName><![CDATA[osZ2p1IY34DL7Y2ux6Ay6KW5p1Os]]></FromUserName>
<CreateTime>1555375284</CreateTime>
<MsgType><![CDATA[image]]></MsgType>
<PicUrl><![CDATA[http://mmbiz.qpic.cn/mmbiz_jpg/snVkficVrBJ5sWmJ8sQY6OOFAwic4bmpEXNrFGODUNJ5fMeRgUV6JIOYXJfKUUdbSibfBG4zmc6sYGjVRqJxs6gYQ/0]]></PicUrl>
<MsgId>22267621462208688</MsgId>
<MediaId><![CDATA[nQpikUKM9lBcD-a3BBVLUOQ64pOkoTSxb0lyx_JmTIaMoZr3Mzx83HRvweFTTnFn]]></MediaId>
</xml>



2019-04-16 00:57:11<xml><ToUserName><![CDATA[gh_17869665399e]]></ToUserName>
<FromUserName><![CDATA[osZ2p1IY34DL7Y2ux6Ay6KW5p1Os]]></FromUserName>
<CreateTime>1555375284</CreateTime>
<MsgType><![CDATA[image]]></MsgType>
<PicUrl><![CDATA[http://mmbiz.qpic.cn/mmbiz_jpg/snVkficVrBJ5sWmJ8sQY6OOFAwic4bmpEXNrFGODUNJ5fMeRgUV6JIOYXJfKUUdbSibfBG4zmc6sYGjVRqJxs6gYQ/0]]></PicUrl>
<MsgId>22267621462208688</MsgId>
<MediaId><![CDATA[nQpikUKM9lBcD-a3BBVLUOQ64pOkoTSxb0lyx_JmTIaMoZr3Mzx83HRvweFTTnFn]]></MediaId>
</xml>



2019-04-16 00:57:36<xml><ToUserName><![CDATA[gh_17869665399e]]></ToUserName>
<FromUserName><![CDATA[osZ2p1IY34DL7Y2ux6Ay6KW5p1Os]]></FromUserName>
<CreateTime>1555375284</CreateTime>
<MsgType><![CDATA[image]]></MsgType>
<PicUrl><![CDATA[http://mmbiz.qpic.cn/mmbiz_jpg/snVkficVrBJ5sWmJ8sQY6OOFAwic4bmpEXNrFGODUNJ5fMeRgUV6JIOYXJfKUUdbSibfBG4zmc6sYGjVRqJxs6gYQ/0]]></PicUrl>
<MsgId>22267621462208688</MsgId>
<MediaId><![CDATA[nQpikUKM9lBcD-a3BBVLUOQ64pOkoTSxb0lyx_JmTIaMoZr3Mzx83HRvweFTTnFn]]></MediaId>
</xml>



2019-04-16 00:58:12<xml><ToUserName><![CDATA[gh_17869665399e]]></ToUserName>
<FromUserName><![CDATA[osZ2p1IY34DL7Y2ux6Ay6KW5p1Os]]></FromUserName>
<CreateTime>1555375284</CreateTime>
<MsgType><![CDATA[image]]></MsgType>
<PicUrl><![CDATA[http://mmbiz.qpic.cn/mmbiz_jpg/snVkficVrBJ5sWmJ8sQY6OOFAwic4bmpEXNrFGODUNJ5fMeRgUV6JIOYXJfKUUdbSibfBG4zmc6sYGjVRqJxs6gYQ/0]]></PicUrl>
<MsgId>22267621462208688</MsgId>
<MediaId><![CDATA[nQpikUKM9lBcD-a3BBVLUOQ64pOkoTSxb0lyx_JmTIaMoZr3Mzx83HRvweFTTnFn]]></MediaId>
</xml>



2019-04-16 00:59:19<xml><ToUserName><![CDATA[gh_17869665399e]]></ToUserName>
<FromUserName><![CDATA[osZ2p1IY34DL7Y2ux6Ay6KW5p1Os]]></FromUserName>
<CreateTime>1555375284</CreateTime>
<MsgType><![CDATA[image]]></MsgType>
<PicUrl><![CDATA[http://mmbiz.qpic.cn/mmbiz_jpg/snVkficVrBJ5sWmJ8sQY6OOFAwic4bmpEXNrFGODUNJ5fMeRgUV6JIOYXJfKUUdbSibfBG4zmc6sYGjVRqJxs6gYQ/0]]></PicUrl>
<MsgId>22267621462208688</MsgId>
<MediaId><![CDATA[nQpikUKM9lBcD-a3BBVLUOQ64pOkoTSxb0lyx_JmTIaMoZr3Mzx83HRvweFTTnFn]]></MediaId>
</xml>



2019-04-16 01:00:47<xml><ToUserName><![CDATA[gh_17869665399e]]></ToUserName>
<FromUserName><![CDATA[osZ2p1IY34DL7Y2ux6Ay6KW5p1Os]]></FromUserName>
<CreateTime>1555375284</CreateTime>
<MsgType><![CDATA[image]]></MsgType>
<PicUrl><![CDATA[http://mmbiz.qpic.cn/mmbiz_jpg/snVkficVrBJ5sWmJ8sQY6OOFAwic4bmpEXNrFGODUNJ5fMeRgUV6JIOYXJfKUUdbSibfBG4zmc6sYGjVRqJxs6gYQ/0]]></PicUrl>
<MsgId>22267621462208688</MsgId>
<MediaId><![CDATA[nQpikUKM9lBcD-a3BBVLUOQ64pOkoTSxb0lyx_JmTIaMoZr3Mzx83HRvweFTTnFn]]></MediaId>
</xml>



2019-04-16 01:01:06<xml><ToUserName><![CDATA[gh_17869665399e]]></ToUserName>
<FromUserName><![CDATA[osZ2p1IY34DL7Y2ux6Ay6KW5p1Os]]></FromUserName>
<CreateTime>1555375920</CreateTime>
<MsgType><![CDATA[voice]]></MsgType>
<MediaId><![CDATA[AhwJlQp6uA5qu9j_hF8dufpqhJRMxrrdJr_A2X3JKtzrPfBlUyQGs5oLtLv0zI0F]]></MediaId>
<Format><![CDATA[amr]]></Format>
<MsgId>22267629154074987</MsgId>
<Recognition><![CDATA[]]></Recognition>
</xml>




2019-04-16 01:05:33<xml><ToUserName><![CDATA[gh_17869665399e]]></ToUserName>
<FromUserName><![CDATA[osZ2p1IY34DL7Y2ux6Ay6KW5p1Os]]></FromUserName>
<CreateTime>1555375920</CreateTime>
<MsgType><![CDATA[voice]]></MsgType>
<MediaId><![CDATA[AhwJlQp6uA5qu9j_hF8dufpqhJRMxrrdJr_A2X3JKtzrPfBlUyQGs5oLtLv0zI0F]]></MediaId>
<Format><![CDATA[amr]]></Format>
<MsgId>22267629154074987</MsgId>
<Recognition><![CDATA[]]></Recognition>
</xml>




2019-04-16 01:08:47<xml><ToUserName><![CDATA[gh_17869665399e]]></ToUserName>
<FromUserName><![CDATA[osZ2p1IY34DL7Y2ux6Ay6KW5p1Os]]></FromUserName>
<CreateTime>1555375920</CreateTime>
<MsgType><![CDATA[voice]]></MsgType>
<MediaId><![CDATA[AhwJlQp6uA5qu9j_hF8dufpqhJRMxrrdJr_A2X3JKtzrPfBlUyQGs5oLtLv0zI0F]]></MediaId>
<Format><![CDATA[amr]]></Format>
<MsgId>22267629154074987</MsgId>
<Recognition><![CDATA[]]></Recognition>
</xml>




2019-04-16 01:10:00<xml><ToUserName><![CDATA[gh_17869665399e]]></ToUserName>
<FromUserName><![CDATA[osZ2p1IY34DL7Y2ux6Ay6KW5p1Os]]></FromUserName>
<CreateTime>1555375284</CreateTime>
<MsgType><![CDATA[image]]></MsgType>
<PicUrl><![CDATA[http://mmbiz.qpic.cn/mmbiz_jpg/snVkficVrBJ5sWmJ8sQY6OOFAwic4bmpEXNrFGODUNJ5fMeRgUV6JIOYXJfKUUdbSibfBG4zmc6sYGjVRqJxs6gYQ/0]]></PicUrl>
<MsgId>22267621462208688</MsgId>
<MediaId><![CDATA[nQpikUKM9lBcD-a3BBVLUOQ64pOkoTSxb0lyx_JmTIaMoZr3Mzx83HRvweFTTnFn]]></MediaId>
</xml>





2019-04-16 01:10:50<xml><ToUserName><![CDATA[gh_17869665399e]]></ToUserName>
<FromUserName><![CDATA[osZ2p1IY34DL7Y2ux6Ay6KW5p1Os]]></FromUserName>
<CreateTime>1555375284</CreateTime>
<MsgType><![CDATA[image]]></MsgType>
<PicUrl><![CDATA[http://mmbiz.qpic.cn/mmbiz_jpg/snVkficVrBJ5sWmJ8sQY6OOFAwic4bmpEXNrFGODUNJ5fMeRgUV6JIOYXJfKUUdbSibfBG4zmc6sYGjVRqJxs6gYQ/0]]></PicUrl>
<MsgId>22267621462208688</MsgId>
<MediaId><![CDATA[nQpikUKM9lBcD-a3BBVLUOQ64pOkoTSxb0lyx_JmTIaMoZr3Mzx83HRvweFTTnFn]]></MediaId>
</xml>





2019-04-16 02:33:53<xml><ToUserName><![CDATA[gh_17869665399e]]></ToUserName>
<FromUserName><![CDATA[osZ2p1IY34DL7Y2ux6Ay6KW5p1Os]]></FromUserName>
<CreateTime>1555381906</CreateTime>
<MsgType><![CDATA[text]]></MsgType>
<Content><![CDATA[和哈哈哈哈]]></Content>
<MsgId>22267716582216950</MsgId>
</xml>





2019-04-16 02:34:13<xml><ToUserName><![CDATA[gh_17869665399e]]></ToUserName>
<FromUserName><![CDATA[osZ2p1IY34DL7Y2ux6Ay6KW5p1Os]]></FromUserName>
<CreateTime>1555381906</CreateTime>
<MsgType><![CDATA[text]]></MsgType>
<Content><![CDATA[和哈哈哈哈]]></Content>
<MsgId>22267716582216950</MsgId>
</xml>





2019-04-16 02:50:04<xml><ToUserName><![CDATA[gh_17869665399e]]></ToUserName>
<FromUserName><![CDATA[osZ2p1IY34DL7Y2ux6Ay6KW5p1Os]]></FromUserName>
<CreateTime>1555382984</CreateTime>
<MsgType><![CDATA[text]]></MsgType>
<Content><![CDATA[北京＋天气]]></Content>
<MsgId>22267727489231191</MsgId>
</xml>






2019-04-16 02:57:07<xml><ToUserName><![CDATA[gh_17869665399e]]></ToUserName>
<FromUserName><![CDATA[osZ2p1IY34DL7Y2ux6Ay6KW5p1Os]]></FromUserName>
<CreateTime>1555382984</CreateTime>
<MsgType><![CDATA[text]]></MsgType>
<Content><![CDATA[北京＋天气]]></Content>
<MsgId>22267727489231191</MsgId>
</xml>






2019-04-16 02:57:13<xml><ToUserName><![CDATA[gh_17869665399e]]></ToUserName>
<FromUserName><![CDATA[osZ2p1IY34DL7Y2ux6Ay6KW5p1Os]]></FromUserName>
<CreateTime>1555382984</CreateTime>
<MsgType><![CDATA[text]]></MsgType>
<Content><![CDATA[北京＋天气]]></Content>
<MsgId>22267727489231191</MsgId>
</xml>






2019-04-16 02:57:55<xml><ToUserName><![CDATA[gh_17869665399e]]></ToUserName>
<FromUserName><![CDATA[osZ2p1IY34DL7Y2ux6Ay6KW5p1Os]]></FromUserName>
<CreateTime>1555382984</CreateTime>
<MsgType><![CDATA[text]]></MsgType>
<Content><![CDATA[北京＋天气]]></Content>
<MsgId>22267727489231191</MsgId>
</xml>






2019-04-16 03:00:38<xml><ToUserName><![CDATA[gh_17869665399e]]></ToUserName>
<FromUserName><![CDATA[osZ2p1IY34DL7Y2ux6Ay6KW5p1Os]]></FromUserName>
<CreateTime>1555382984</CreateTime>
<MsgType><![CDATA[text]]></MsgType>
<Content><![CDATA[北京＋天气]]></Content>
<MsgId>22267727489231191</MsgId>
</xml>






2019-04-16 03:02:04<xml><ToUserName><![CDATA[gh_17869665399e]]></ToUserName>
<FromUserName><![CDATA[osZ2p1IY34DL7Y2ux6Ay6KW5p1Os]]></FromUserName>
<CreateTime>1555382984</CreateTime>
<MsgType><![CDATA[text]]></MsgType>
<Content><![CDATA[北京＋天气]]></Content>
<MsgId>22267727489231191</MsgId>
</xml>






2019-04-16 03:02:22<xml><ToUserName><![CDATA[gh_17869665399e]]></ToUserName>
<FromUserName><![CDATA[osZ2p1IY34DL7Y2ux6Ay6KW5p1Os]]></FromUserName>
<CreateTime>1555382984</CreateTime>
<MsgType><![CDATA[text]]></MsgType>
<Content><![CDATA[北京＋天气]]></Content>
<MsgId>22267727489231191</MsgId>
</xml>






2019-04-16 03:05:22<xml><ToUserName><![CDATA[gh_17869665399e]]></ToUserName>
<FromUserName><![CDATA[osZ2p1IY34DL7Y2ux6Ay6KW5p1Os]]></FromUserName>
<CreateTime>1555383895</CreateTime>
<MsgType><![CDATA[text]]></MsgType>
<Content><![CDATA[北京＋天气]]></Content>
<MsgId>22267739953533863</MsgId>
</xml>







2019-04-16 03:17:02<xml><ToUserName><![CDATA[gh_17869665399e]]></ToUserName>
<FromUserName><![CDATA[osZ2p1IY34DL7Y2ux6Ay6KW5p1Os]]></FromUserName>
<CreateTime>1555383895</CreateTime>
<MsgType><![CDATA[text]]></MsgType>
<Content><![CDATA[北京＋天气]]></Content>
<MsgId>22267739953533863</MsgId>
</xml>







2019-04-16 03:22:53<xml><ToUserName><![CDATA[gh_17869665399e]]></ToUserName>
<FromUserName><![CDATA[osZ2p1IY34DL7Y2ux6Ay6KW5p1Os]]></FromUserName>
<CreateTime>1555384934</CreateTime>
<MsgType><![CDATA[voice]]></MsgType>
<MediaId><![CDATA[c6cNh7JJgwZcjeSapwK5HD-pfRCtMGo0SugH-C9KXk82HC3lr_4xYpiZum2m9yIK]]></MediaId>
<Format><![CDATA[amr]]></Format>
<MsgId>22267759270150974</MsgId>
<Recognition><![CDATA[]]></Recognition>
</xml>







2019-04-16 03:24:49<xml><ToUserName><![CDATA[gh_17869665399e]]></ToUserName>
<FromUserName><![CDATA[osZ2p1IY34DL7Y2ux6Ay6KW5p1Os]]></FromUserName>
<CreateTime>1555385063</CreateTime>
<MsgType><![CDATA[text]]></MsgType>
<Content><![CDATA[北京＋天气]]></Content>
<MsgId>22267758423178748</MsgId>
</xml>







2019-04-16 03:29:46<xml><ToUserName><![CDATA[gh_17869665399e]]></ToUserName>
<FromUserName><![CDATA[osZ2p1IY34DL7Y2ux6Ay6KW5p1Os]]></FromUserName>
<CreateTime>1555385335</CreateTime>
<MsgType><![CDATA[event]]></MsgType>
<Event><![CDATA[subscribe]]></Event>
<EventKey><![CDATA[]]></EventKey>
</xml>








2019-04-16 03:30:31<xml><ToUserName><![CDATA[gh_17869665399e]]></ToUserName>
<FromUserName><![CDATA[osZ2p1IY34DL7Y2ux6Ay6KW5p1Os]]></FromUserName>
<CreateTime>1555385335</CreateTime>
<MsgType><![CDATA[event]]></MsgType>
<Event><![CDATA[subscribe]]></Event>
<EventKey><![CDATA[]]></EventKey>
</xml>








2019-04-16 03:30:35<xml><ToUserName><![CDATA[gh_17869665399e]]></ToUserName>
<FromUserName><![CDATA[osZ2p1IY34DL7Y2ux6Ay6KW5p1Os]]></FromUserName>
<CreateTime>1555385335</CreateTime>
<MsgType><![CDATA[event]]></MsgType>
<Event><![CDATA[subscribe]]></Event>
<EventKey><![CDATA[]]></EventKey>
</xml>








2019-04-16 03:32:31<xml><ToUserName><![CDATA[gh_17869665399e]]></ToUserName>
<FromUserName><![CDATA[osZ2p1IY34DL7Y2ux6Ay6KW5p1Os]]></FromUserName>
<CreateTime>1555385522</CreateTime>
<MsgType><![CDATA[text]]></MsgType>
<Content><![CDATA[北京＋天气]]></Content>
<MsgId>22267766126876305</MsgId>
</xml>









2019-04-16 03:33:46<xml><ToUserName><![CDATA[gh_17869665399e]]></ToUserName>
<FromUserName><![CDATA[osZ2p1IY34DL7Y2ux6Ay6KW5p1Os]]></FromUserName>
<CreateTime>1555385522</CreateTime>
<MsgType><![CDATA[text]]></MsgType>
<Content><![CDATA[北京＋天气]]></Content>
<MsgId>22267766126876305</MsgId>
</xml>









2019-04-16 03:36:30<xml><ToUserName><![CDATA[gh_17869665399e]]></ToUserName>
<FromUserName><![CDATA[osZ2p1IY34DL7Y2ux6Ay6KW5p1Os]]></FromUserName>
<CreateTime>1555385522</CreateTime>
<MsgType><![CDATA[text]]></MsgType>
<Content><![CDATA[北京＋天气]]></Content>
<MsgId>22267766126876305</MsgId>
</xml>









2019-04-16 03:36:43<xml><ToUserName><![CDATA[gh_17869665399e]]></ToUserName>
<FromUserName><![CDATA[osZ2p1IY34DL7Y2ux6Ay6KW5p1Os]]></FromUserName>
<CreateTime>1555385522</CreateTime>
<MsgType><![CDATA[text]]></MsgType>
<Content><![CDATA[北京＋天气]]></Content>
<MsgId>22267766126876305</MsgId>
</xml>









2019-04-16 03:36:46<xml><ToUserName><![CDATA[gh_17869665399e]]></ToUserName>
<FromUserName><![CDATA[osZ2p1IY34DL7Y2ux6Ay6KW5p1Os]]></FromUserName>
<CreateTime>1555385522</CreateTime>
<MsgType><![CDATA[text]]></MsgType>
<Content><![CDATA[北京＋天气]]></Content>
<MsgId>22267766126876305</MsgId>
</xml>









2019-04-16 03:36:53<xml><ToUserName><![CDATA[gh_17869665399e]]></ToUserName>
<FromUserName><![CDATA[osZ2p1IY34DL7Y2ux6Ay6KW5p1Os]]></FromUserName>
<CreateTime>1555385522</CreateTime>
<MsgType><![CDATA[text]]></MsgType>
<Content><![CDATA[北京＋天气]]></Content>
<MsgId>22267766126876305</MsgId>
</xml>









2019-04-16 03:36:53<xml><ToUserName><![CDATA[gh_17869665399e]]></ToUserName>
<FromUserName><![CDATA[osZ2p1IY34DL7Y2ux6Ay6KW5p1Os]]></FromUserName>
<CreateTime>1555385522</CreateTime>
<MsgType><![CDATA[text]]></MsgType>
<Content><![CDATA[北京＋天气]]></Content>
<MsgId>22267766126876305</MsgId>
</xml>









2019-04-16 03:37:56<xml><ToUserName><![CDATA[gh_17869665399e]]></ToUserName>
<FromUserName><![CDATA[osZ2p1IY34DL7Y2ux6Ay6KW5p1Os]]></FromUserName>
<CreateTime>1555385522</CreateTime>
<MsgType><![CDATA[text]]></MsgType>
<Content><![CDATA[北京＋天气]]></Content>
<MsgId>22267766126876305</MsgId>
</xml>









2019-04-16 03:40:37<xml><ToUserName><![CDATA[gh_17869665399e]]></ToUserName>
<FromUserName><![CDATA[osZ2p1IY34DL7Y2ux6Ay6KW5p1Os]]></FromUserName>
<CreateTime>1555385522</CreateTime>
<MsgType><![CDATA[text]]></MsgType>
<Content><![CDATA[北京+天气]]></Content>
<MsgId>22267766126876305</MsgId>
</xml>









2019-04-16 03:43:01<xml><ToUserName><![CDATA[gh_17869665399e]]></ToUserName>
<FromUserName><![CDATA[osZ2p1IY34DL7Y2ux6Ay6KW5p1Os]]></FromUserName>
<CreateTime>1555385522</CreateTime>
<MsgType><![CDATA[text]]></MsgType>
<Content><![CDATA[北京+天气]]></Content>
<MsgId>22267766126876305</MsgId>
</xml>









2019-04-16 03:47:43<xml><ToUserName><![CDATA[gh_17869665399e]]></ToUserName>
<FromUserName><![CDATA[osZ2p1IY34DL7Y2ux6Ay6KW5p1Os]]></FromUserName>
<CreateTime>1555385522</CreateTime>
<MsgType><![CDATA[text]]></MsgType>
<Content><![CDATA[北京+天气]]></Content>
<MsgId>22267766126876305</MsgId>
</xml>









2019-04-16 03:49:09<xml><ToUserName><![CDATA[gh_17869665399e]]></ToUserName>
<FromUserName><![CDATA[osZ2p1IY34DL7Y2ux6Ay6KW5p1Os]]></FromUserName>
<CreateTime>1555385522</CreateTime>
<MsgType><![CDATA[text]]></MsgType>
<Content><![CDATA[北京+天气]]></Content>
<MsgId>22267766126876305</MsgId>
</xml>









2019-04-16 03:50:28<xml><ToUserName><![CDATA[gh_17869665399e]]></ToUserName>
<FromUserName><![CDATA[osZ2p1IY34DL7Y2ux6Ay6KW5p1Os]]></FromUserName>
<CreateTime>1555385522</CreateTime>
<MsgType><![CDATA[text]]></MsgType>
<Content><![CDATA[北京+天气]]></Content>
<MsgId>22267766126876305</MsgId>
</xml>









2019-04-16 03:51:28<xml><ToUserName><![CDATA[gh_17869665399e]]></ToUserName>
<FromUserName><![CDATA[osZ2p1IY34DL7Y2ux6Ay6KW5p1Os]]></FromUserName>
<CreateTime>1555385522</CreateTime>
<MsgType><![CDATA[text]]></MsgType>
<Content><![CDATA[北京+天气]]></Content>
<MsgId>22267766126876305</MsgId>
</xml>









2019-04-16 03:52:44<xml><ToUserName><![CDATA[gh_17869665399e]]></ToUserName>
<FromUserName><![CDATA[osZ2p1IY34DL7Y2ux6Ay6KW5p1Os]]></FromUserName>
<CreateTime>1555385522</CreateTime>
<MsgType><![CDATA[text]]></MsgType>
<Content><![CDATA[北京+天气]]></Content>
<MsgId>22267766126876305</MsgId>
</xml>









2019-04-16 04:08:38<xml><ToUserName><![CDATA[gh_17869665399e]]></ToUserName>
<FromUserName><![CDATA[osZ2p1IY34DL7Y2ux6Ay6KW5p1Os]]></FromUserName>
<CreateTime>1555385522</CreateTime>
<MsgType><![CDATA[text]]></MsgType>
<Content><![CDATA[北京+天气]]></Content>
<MsgId>22267766126876305</MsgId>
</xml>









2019-04-16 04:09:09<xml><ToUserName><![CDATA[gh_17869665399e]]></ToUserName>
<FromUserName><![CDATA[osZ2p1IY34DL7Y2ux6Ay6KW5p1Os]]></FromUserName>
<CreateTime>1555385522</CreateTime>
<MsgType><![CDATA[text]]></MsgType>
<Content><![CDATA[北京+天气]]></Content>
<MsgId>22267766126876305</MsgId>
</xml>









2019-04-16 04:10:29<xml><ToUserName><![CDATA[gh_17869665399e]]></ToUserName>
<FromUserName><![CDATA[osZ2p1IY34DL7Y2ux6Ay6KW5p1Os]]></FromUserName>
<CreateTime>1555385522</CreateTime>
<MsgType><![CDATA[text]]></MsgType>
<Content><![CDATA[北京+天气]]></Content>
<MsgId>22267766126876305</MsgId>
</xml>









2019-04-16 04:56:33<xml><ToUserName><![CDATA[gh_17869665399e]]></ToUserName>
<FromUserName><![CDATA[osZ2p1IY34DL7Y2ux6Ay6KW5p1Os]]></FromUserName>
<CreateTime>1555385522</CreateTime>
<MsgType><![CDATA[text]]></MsgType>
<Content><![CDATA[北京+天气]]></Content>
<MsgId>22267766126876305</MsgId>
</xml>









2019-04-16 04:57:37<xml><ToUserName><![CDATA[gh_17869665399e]]></ToUserName>
<FromUserName><![CDATA[osZ2p1IY34DL7Y2ux6Ay6KW5p1Os]]></FromUserName>
<CreateTime>1555385522</CreateTime>
<MsgType><![CDATA[text]]></MsgType>
<Content><![CDATA[北京+天气]]></Content>
<MsgId>22267766126876305</MsgId>
</xml>









2019-04-16 05:01:25<xml><ToUserName><![CDATA[gh_17869665399e]]></ToUserName>
<FromUserName><![CDATA[osZ2p1IY34DL7Y2ux6Ay6KW5p1Os]]></FromUserName>
<CreateTime>1555385522</CreateTime>
<MsgType><![CDATA[text]]></MsgType>
<Content><![CDATA[北京+天气]]></Content>
<MsgId>22267766126876305</MsgId>
</xml>









2019-04-16 05:01:31<xml><ToUserName><![CDATA[gh_17869665399e]]></ToUserName>
<FromUserName><![CDATA[osZ2p1IY34DL7Y2ux6Ay6KW5p1Os]]></FromUserName>
<CreateTime>1555385522</CreateTime>
<MsgType><![CDATA[text]]></MsgType>
<Content><![CDATA[京+天气]]></Content>
<MsgId>22267766126876305</MsgId>
</xml>









